-------------------------------------------------------------------------------
Test set: com.example.demo.DemoRestApplicationTests
-------------------------------------------------------------------------------
Tests run: 1, Failures: 0, Errors: 1, Skipped: 0, Time elapsed: 0.565 s <<< FAILURE! - in com.example.demo.DemoRestApplicationTests
com.example.demo.DemoRestApplicationTests  Time elapsed: 0.563 s  <<< ERROR!
java.lang.IllegalStateException: Unable to find a @SpringBootConfiguration, you need to use @ContextConfiguration or @SpringBootTest(classes=...) with your test

